TN:
SF:/Users/jlengrand/IdeaProjects/undercover/undercover/src/open-wc-logo.js
FNF:0
FNH:0
DA:3,1
LF:1
LH:1
BRF:0
BRH:0
end_of_record
TN:
SF:/Users/jlengrand/IdeaProjects/undercover/undercover/src/under-cover.js
FN:6,get
FN:12,UnderCover
FN:60,render
FN:17,get
FNF:4
FNH:4
FNDA:1,get
FNDA:2,UnderCover
FNDA:2,render
FNDA:1,get
DA:7,1
DA:12,4
DA:13,2
DA:14,2
DA:18,1
DA:61,2
DA:83,1
LF:7
LH:7
BRF:0
BRH:0
end_of_record
TN:
SF:/Users/jlengrand/IdeaProjects/undercover/undercover/src/game/gameActions.js
FN:21,stopGame
FN:25,createGame
FNF:2
FNH:2
FNDA:1,stopGame
FNDA:1,createGame
DA:3,1
DA:4,1
DA:6,1
DA:13,1
DA:22,1
DA:26,1
LF:6
LH:6
BRF:0
BRH:0
end_of_record
TN:
SF:/Users/jlengrand/IdeaProjects/undercover/undercover/src/game/gameCreator.js
FN:9,getRandomChallenge
FN:14,createMission
FN:23,createUser
FN:31,createPlayer
FN:39,createGame
FN:40,(anonymous_5)
FN:41,(anonymous_6)
FNF:7
FNH:7
FNDA:3,getRandomChallenge
FNDA:3,createMission
FNDA:3,createUser
FNDA:3,createPlayer
FNDA:1,createGame
FNDA:3,(anonymous_5)
FNDA:3,(anonymous_6)
DA:7,1
DA:11,3
DA:15,3
DA:24,3
DA:32,3
DA:40,3
DA:41,3
DA:42,1
LF:8
LH:8
BRF:0
BRH:0
end_of_record
TN:
SF:/Users/jlengrand/IdeaProjects/undercover/undercover/src/game/gameEngine.js
FN:21,(anonymous_0)
FNF:1
FNH:1
FNDA:2,(anonymous_0)
DA:5,1
DA:10,1
DA:14,1
DA:20,1
DA:21,2
DA:22,1
DA:23,1
DA:25,1
LF:8
LH:8
BRDA:17,0,0,1
BRDA:17,0,1,0
BRF:2
BRH:1
end_of_record
TN:
SF:/Users/jlengrand/IdeaProjects/undercover/undercover/src/game/gamesReducer.js
FN:4,gamesReducer
FNF:1
FNH:1
FNDA:5,gamesReducer
DA:4,5
DA:5,5
DA:7,1
DA:11,1
DA:13,3
LF:5
LH:5
BRDA:4,0,0,2
BRDA:4,0,1,3
BRDA:4,1,0,10
BRDA:4,1,1,5
BRDA:6,2,0,1
BRDA:6,2,1,1
BRDA:6,2,2,3
BRF:7
BRH:7
end_of_record
TN:
SF:/Users/jlengrand/IdeaProjects/undercover/undercover/src/utils/arrayUtils.js
FN:2,shuffle
FNF:1
FNH:1
FNDA:1,shuffle
DA:3,1
DA:8,1
DA:10,61
DA:12,61
DA:15,61
DA:17,61
DA:19,61
DA:22,1
LF:8
LH:8
BRF:0
BRH:0
end_of_record
TN:
SF:/Users/jlengrand/IdeaProjects/undercover/undercover/src/utils/uuid.js
FN:2,uuidv4
FN:3,(anonymous_1)
FNF:2
FNH:2
FNDA:10,uuidv4
FNDA:310,(anonymous_1)
DA:3,10
DA:4,310
DA:5,310
DA:6,310
LF:4
LH:4
BRDA:5,0,0,300
BRDA:5,0,1,10
BRF:2
BRH:2
end_of_record
